<?xml version="1.0" encoding="UTF-8"?>
<testng-results ignored="0" total="2" passed="2" failed="0" skipped="0">
  <reporter-output>
  </reporter-output>
  <suite started-at="2023-06-07T16:09:34 IST" name="Default suite" finished-at="2023-06-07T16:09:37 IST" duration-ms="2840">
    <groups>
    </groups>
    <test started-at="2023-06-07T16:09:34 IST" name="Default test" finished-at="2023-06-07T16:09:37 IST" duration-ms="2840">
      <class name="tests.GetandPostExamples">
        <test-method signature="testGet()[pri:0, instance:tests.GetandPostExamples@53ce1329]" started-at="2023-06-07T16:09:34 IST" name="testGet" finished-at="2023-06-07T16:09:36 IST" duration-ms="2106" status="PASS">
          <reporter-output>
          </reporter-output>
        </test-method> <!-- testGet -->
        <test-method signature="testPost()[pri:0, instance:tests.GetandPostExamples@53ce1329]" started-at="2023-06-07T16:09:36 IST" name="testPost" finished-at="2023-06-07T16:09:37 IST" duration-ms="678" status="PASS">
          <reporter-output>
          </reporter-output>
        </test-method> <!-- testPost -->
      </class> <!-- tests.GetandPostExamples -->
    </test> <!-- Default test -->
  </suite> <!-- Default suite -->
</testng-results>
